201 [15864] INFO perfrun.launcher <> - Launcher main begin
206 [15864] INFO perfrun.launcher <> - MessageCatalogInit finished
206 [15864] INFO perfrun.launcher <> - Launcher instance created
206 [15864] INFO perfrun.launcher <> - argc = 7; cmdline = C:\Program Files (x86)\IntelSWTools\VTune Profiler 2020\bin64\amplxe-runss.exe --ui-output-format xml --ui-output-fd 1480 --option-file C:\Users\user\source\repos\libdeflate_optimize\libdeflate_optimize\VTune Profiler Results\libdeflate_optimize\r018hs\config\runss.options 
279 [15864] INFO perfrun.launcher <> - New signal handler callback was added
293 [15864] INFO perfrun.launcher <> - plugin remoteplug has been added successfully
293 [15864] INFO perfrun.launcher <> - plugin system has been added successfully
293 [15864] INFO perfrun.launcher <> - plugin  has been added successfully
293 [15864] INFO perfrun.launcher <> - plugin itt has been added successfully
293 [15864] INFO perfrun.launcher <> - plugin  has been added successfully
294 [15864] INFO perfrun.launcher <> - plugin gpu has been added successfully
294 [15864] INFO perfrun.launcher <> - plugin etw.kernel has been added successfully
294 [15864] INFO perfrun.launcher <> - plugin etw.dx has been added successfully
294 [15864] INFO perfrun.launcher <> - plugin etw.wsa has been added successfully
294 [15864] INFO perfrun.launcher <> - plugin mrte has been added successfully
294 [15864] INFO perfrun.launcher <> - plugin emon has been added successfully
294 [15864] INFO perfrun.launcher <> - plugin cuscol has been added successfully
294 [15864] INFO perfrun.launcher <> - plugin stdsrc has been added successfully
295 [15864] INFO perfrun.launcher <> - plugin sep has been added successfully
295 [15864] INFO perfrun.launcher <> - plugin vtsspp has been added successfully
295 [15864] INFO perfrun.launcher <> - plugin  has been added successfully
296 [15864] INFO perfrun.launcher <> - plugin aoclprofile has been added successfully
305 [15864] INFO perfrun.launcher <> - plugin tpss has been added successfully
306 [15864] INFO perfrun.launcher <> - plugin exprof has been added successfully
306 [15864] INFO perfrun.launcher <> - plugin  has been added successfully
306 [15864] INFO perfrun.launcher <> - plugin  has been added successfully
306 [15864] INFO perfrun.launcher <> - plugin  has been added successfully
306 [15864] INFO perfrun.launcher <> - plugin  has been added successfully
306 [15864] INFO perfrun.launcher <> - plugin  has been added successfully
306 [15864] INFO perfrun.launcher <> - plugin power has been added successfully
307 [15864] INFO perfrun.launcher <> - the option was added --interval: Specify an interval of data collection (for example, sampling) in milliseconds.
307 [15864] INFO perfrun.launcher <> - the option was added --follow-child: Profile process with or without children.
307 [15864] INFO perfrun.launcher <> - the option was added --gelding: BADMSG: perfrun1.launcher.plugin_manager::gelding
307 [15864] INFO perfrun.launcher <> - the option was added --time-source: Specify time source for measurement. Possible values: sys - wall clock time; tsc - time stamp counter; ext - time from an external source; auto - auto select accurate time source.
309 [15864] INFO perfrun.launcher <> - the option was added --stack: Enable or disable collection of stacks.
309 [15864] INFO perfrun.launcher <> - the option was added --stack-stitching: Enable or disable the stack stitching algorithm for Intel TBB-based applications.
309 [15864] INFO perfrun.launcher <> - the option was added --type: Specify type of data to be collected. For example, --type cpu:counters,waiting:nostack,io.
309 [15864] INFO perfrun.launcher <> - the option was added --mrte-mode: Specify Java/.NET/other managed runtime collection mode. Possible values: native - collect information only for native code; managed - collect information only for managed code; mixed - collect information for both managed and native code; auto - choose the mode based on binary type.
309 [15864] INFO perfrun.launcher <> - the option was added --mrte-mode-list: List supported Java/.NET/other managed runtime collection modes.
309 [15864] INFO perfrun.launcher <> - the option was added --mrte-type: Specify which managed runtimes to collect. Possible values: java - collect information for Java; dotnet - collect information for .NET; python - collect information for CPython. You can specify several values separated by comma.
309 [15864] INFO perfrun.launcher <> - the option was added --mrte-type-list: List supported Java/.NET/other managed runtime types.
310 [15864] INFO perfrun.launcher <> - the option was added --trace-strategy: Specify how to profile a process tree. <string> can be "<process>:trace:notrace" - profile the process but do not profile its children. Shorthand parameters: t - trace, nt - notrace. For example, "vtunedemo.exe:t:t".
310 [15864] INFO perfrun.launcher <> - the option was added --collector: BADMSG: perfrun1.launcher.plugin_manager::collector
310 [15864] INFO perfrun.launcher <> - the option was added --system-wide: Enable system-wide profiling. This mode may require additional permissions.
310 [15864] INFO perfrun.launcher <> - the option was added --kvm-guest: Enable KVM guest OS profiling.
310 [15864] INFO perfrun.launcher <> - the option was added --kvm-guest-kallsyms: Specify a local path to the /proc/kallsyms file copied from the guest OS for proper symbol resolution.
310 [15864] INFO perfrun.launcher <> - the option was added --kvm-guest-modules: Specify a local path to the /proc/modules file copied from the guest OS for proper symbol resolution.
311 [15864] INFO perfrun.launcher <> - the option was added --bandwidth-limits: Measure bandwidth limits
311 [15864] INFO perfrun.launcher <> - the option was added --bandwidth-strategy: Bandwidth limits determination specific properties (example: --bandwidth-strategy array-size=0,duration=500).
311 [15864] INFO perfrun.launcher <> - the option was added --bandwidth-config: List of benchmarks to run.
311 [15864] INFO perfrun.launcher <> - the option was added --system-collector-config: Specify subcollectors. Possible values: all, container, device-info, none.
312 [15864] INFO perfrun.launcher <> - the option was added --itt-config: Specify a sub-set of ITT API to collect.
312 [15864] INFO perfrun.launcher <> - the option was added --itt-debug: Set pseudo-breakpoint at ITT API collector's start to enable the debugger to attach early.
312 [15864] INFO perfrun.launcher <> - the option was added --gpu-config: Specify types of GPU data to be collected. Possible values: preset1, preset2.
312 [15864] INFO perfrun.launcher <> - the option was added --gpu-debug: Enable self-testing of the GPGPU profiling collector.
312 [15864] INFO perfrun.launcher <> - the option was added --gpu-counting: Collect GPU data in the counting mode.
312 [15864] INFO perfrun.launcher <> - the option was added --etw-config: Enable advanced collection of GPU data.
313 [15864] INFO perfrun.launcher <> - the option was added --aggregated-counting: Enable aggregated counting mode.
313 [15864] INFO perfrun.launcher <> - the option was added --custom-collector: Allows to provide arbitrary command line to be run on collection steps.
313 [15864] INFO perfrun.launcher <> - the option was added --stdsrc-config: Specify Standard Sources category tag(s).
313 [15864] INFO perfrun.launcher <> - the option was added --event-info: BADMSG: perfrun1.stdsrc::event-info
313 [15864] INFO perfrun.launcher <> - the option was added --cpu-list: List supported CPUs.
313 [15864] INFO perfrun.launcher <> - the option was added --target-list: List available targets for performing sampling collection.
313 [15864] INFO perfrun.launcher <> - the option was added --event-value-list: Display event information.
313 [15864] INFO perfrun.launcher <> - the option was added --platform-value-list: Display details of supported platforms.
314 [15864] INFO perfrun.launcher <> - the option was added --uncore-event-list: List uncore events for which a sampling data collection can be performed on this platform.
314 [15864] INFO perfrun.launcher <> - the option was added --modifier-list: Specify the event name <string> for which the modifiers list is requested.
314 [15864] INFO perfrun.launcher <> - the option was added --pmu-list: List supported PMUs.
314 [15864] INFO perfrun.launcher <> - the option was added --os-mode-only: Enable sampling data collection for OS-mode processes only.
314 [15864] INFO perfrun.launcher <> - the option was added --user-mode-only: Enable sampling data collection for user-mode processes only.
314 [15864] INFO perfrun.launcher <> - the option was added --event-config: Perform data collection for the events with <string> configured using the format <event name1>":modifier1=val:modifier2=val/constraint1={:modifier3=val:modifier4=val}...,"<event name2>":... Specify the events(s) to monitor and embed the event names within double quotes("). [:modifier=val] specifies individual event modifiers along with the respective values for a given platform. Note that the modifiers can be generic to an event as well as specific to a constraint (or an event qualifier). The constraint specific special modifiers appear after [/constraint=]. The modifiers can be in decimal or hexadecimal format. Only specific modifiers accept the value as a string. Each event specification is delimited by a comma (,). For a list of supported modifiers and constraints, refer to the documentation.
314 [15864] INFO perfrun.launcher <> - the option was added --chipset-event-config: Perform data collection for the chipset events with <string> configured using the format "<event name1>"...,"<event name2>":... Specify the events(s) to monitor and embed the event names within double quotes(").
314 [15864] INFO perfrun.launcher <> - the option was added --uncore-event-config: Perform uncore data collection in ebc count mode for the events with <string> configured using the format "<event name1>"...,"<event name2>":... Specify the events(s) to monitor and embed the event names within double quotes(").
315 [15864] INFO perfrun.launcher <> - the option was added --count: Enable counting mode.
315 [15864] INFO perfrun.launcher <> - the option was added --count-emon: Enable counting mode and output the data in EMON format.
315 [15864] INFO perfrun.launcher <> - the option was added --event-based-counts: Enable event-based counting mode. During sampling data collection, event counts data is collected for the list of events specified in -event-config option.
315 [15864] INFO perfrun.launcher <> - the option was added --event-mux-tfactor: Specify the event multiplexing tfactor as <integer> to set the length of the interval between interrupts. The larger the tfactor value, the larger the period between interrupts. Currently this option is only available on Intel platforms codenamed Knights Corner.
315 [15864] INFO perfrun.launcher <> - the option was added --uncore-sampling-interval: Specify the uncore sampling interval as <integer>. This value set the uncore sampling interval for all the uncore events specified in -event-config option.
315 [15864] INFO perfrun.launcher <> - the option was added --full-pebs-capture: Capture full pebs information.
315 [15864] INFO perfrun.launcher <> - the option was added --last-branch-records: Capture Last Branch Records information.
315 [15864] INFO perfrun.launcher <> - the option was added --pmu-type: Specify the targeted PMU name as <string>.
316 [15864] INFO perfrun.launcher <> - the option was added --platform-type: Specify the targeted platform number as <number>.
316 [15864] INFO perfrun.launcher <> - the option was added --p-state-trigger: Specify the name of the trigger event for P-state data as <string>. The default trigger is CPU_CLK_UNHALTED.REF_TSC.
316 [15864] INFO perfrun.launcher <> - the option was added --bts-count: Specify the <integer> number of BTS records collected after each sample or context switch (VTSS++ only).
316 [15864] INFO perfrun.launcher <> - the option was added --cpu-mask: Specify which CPU(s) <string> to collect data on. For example, specify "2-8,10,12-14" to sample only CPUs 2 through 8, 10, and 12 through 14.
316 [15864] INFO perfrun.launcher <> - the option was added --event-mux-alg: Specify the event multiplexing algorithm. Possible values: sequence, timer, trigger.
316 [15864] INFO perfrun.launcher <> - the option was added --event-mux-timeslice: Specify the event multiplexing time slice value as <integer>. The time slice specifies the duration between cycles for each event multiplexing group. The default value is 50 milliseconds. This option is valid only for timer-based event multiplexing. Specify the event multiplexing time slice value as <integer>. The time slice specifies the duration between cycles for each event multiplexing group. The default value is 1 millisecond. This option is valid only for timer-based event multiplexing.
316 [15864] INFO perfrun.launcher <> - the option was added --event-mux-factor: Specify the event multiplexing factor as <integer>. It controls the switching of event multiplexing groups. The default factor is 50. This option is valid only for trigger-based event multiplexing. Specify the event multiplexing factor as <integer>. It controls the switching of event multiplexing groups. The default factor is 1. This option is valid only for trigger-based event multiplexing.
317 [15864] INFO perfrun.launcher <> - the option was added --event-mux-trigger: Specify the name of the trigger event for event multiplexing as <string>. This option is valid only for trigger-based event multiplexing. The default trigger is CPU_CLK_UNHALTED.CORE (or CPU_CLK_UNHALTED.THREAD). BADMSG: perfrun1.vtsspp::event-mux-trigger
317 [15864] INFO perfrun.launcher <> - the option was added --sample-after-multiplier: Specify the sample after multiplier as <double>. This multiplier modifies the sample after value for all the events specified in -event-config option. The values can range from 0.1 to 100.0.
317 [15864] INFO perfrun.launcher <> - the option was added --sys-config: BADMSG: perfrun1.vtsspp::sys-config
317 [15864] INFO perfrun.launcher <> - the option was added --pt-mode: BADMSG: perfrun1.vtsspp::pt-mode
317 [15864] INFO perfrun.launcher <> - the option was added --aocl-profile: Enable profiling data collection through the aocl profiling tool.
317 [15864] INFO perfrun.launcher <> - the option was added --aocl-source-file: Path to .source file that can be found in the compilation output directory of FPGA application. This option is recommended for accurate attribution of performance statistics to the source lines. If not specified, the profiler will try to find the file in the current directory.
317 [15864] INFO perfrun.launcher <> - the option was added --stackwalk: Specify stack unwinding method. Possible value: lbr - unwind stacks during collection. Specify stack unwinding method. Possible values: online - unwind stacks during collection; offline - unwind stacks after collection is finished; lbr - enable LBR-based call stack collection. Specify stack unwinding method. Possible values: online - unwind stacks during collection; offline - unwind stacks after collection is finished.
318 [15864] INFO perfrun.launcher <> - the option was added --filter-include: Filter data during collection. Possible values: contended=<on|off> - filter out uncontended events; contended_nostack=<time> - filter out stacks for contended events that take less than <time> microseconds; wait=<time> - ignore transitions and blocks with wait time less than <time> microseconds; wait_nostack=<time> - filter out stacks for waits that take less than <time> microseconds.
318 [15864] INFO perfrun.launcher <> - the option was added --debug-pin: Debug PIN tool and runtime.
318 [15864] INFO perfrun.launcher <> - the option was added --debug-exception: Disallow the application to set own abnormal termination handler.
318 [15864] INFO perfrun.launcher <> - the option was added --trace-type: Specify the trace file granularity. Possible values: per-thread - per-thread trace file generation; per-process - per-process trace file generation.
318 [15864] INFO perfrun.launcher <> - the option was added --instrumentation-type: Specify type of instrumentation.
318 [15864] INFO perfrun.launcher <> - the option was added --guard-pulse-event: Enable handling of PulseEvent API in order not to miss signals made by the API during Hotspots collection.
318 [15864] INFO perfrun.launcher <> - the option was added --memory-strategy: Specify a minimal memory object size to be traced and a hash table size for faster objects search; for example: --memory-strategy obj-size-min=1024,hash-table-size=4096.
318 [15864] INFO perfrun.launcher <> - the option was added --gpu-profiling-type: Specify a type of deep GPU profiling: none, bblatency, memlatency, instcount.
318 [15864] INFO perfrun.launcher <> - the option was added --opencl-trace-mode: Specify OpenCL kernel tracing modes: 'default' to trace OpenCL kernels for Intel Graphics Driver only; 'epoch' for any non-Intel graphics, where OpenCL kernels will be traced and OpenCL profiling API timestamps will be interpreted as Unux Epoch time in nanoseconds; 'completion' to trace OpenCL kernels for any Graphics Driver and bind OpenCL profiling API timestamps to the timestamp of OpenCL completion callback.
319 [15864] INFO perfrun.launcher <> - the option was added --gpu-kernels-to-profile: Specify a comma-separated list of GPU kernel names and invocations to be profiled in the following format: kernel_name[#start_idx#step#stop_idx], where kernel_name is the name of GPU kernel; start_idx is the number of the first invocation; and stop_idx is the number of the last invocation to be profiled.
319 [15864] INFO perfrun.launcher <> - the option was added --exprof-com-list: List available COM ports.
319 [15864] INFO perfrun.launcher <> - the option was added --exprof-dvc-list: List available DvC IDs.
319 [15864] INFO perfrun.launcher <> - the option was added --exprof-trace-channel: BADMSG: perfrun1.exprof::exprof-trace-channel
319 [15864] INFO perfrun.launcher <> - the option was added --exprof-event-config: Specify ExactProfiling Event Classes.
319 [15864] INFO perfrun.launcher <> - the option was added --pwr-config: BADMSG: perfrun1.vtsspp::pwr-config Specify power metrics configuration.
323 [15864] INFO perfrun.launcher <> - create msngr2::ICliToolContext
323 [15864] INFO perfrun.launcher <> - create file finder object
324 [15864] INFO perfrun.launcher <> - create a result directory: pattern = C:\Users\user\source\repos\libdeflate_optimize\libdeflate_optimize\VTune Profiler Results\libdeflate_optimize\r018hs pid = 4294967295
333 [15864] INFO perfrun.launcher <> - create data directory = C:\Users\user\source\repos\libdeflate_optimize\libdeflate_optimize\VTune Profiler Results\libdeflate_optimize\r018hs\data.0
339 [15864] INFO perfrun.launcher <> - Creating the master collection flag
353 [15864] INFO perfrun.launcher <> - Done creating the master collection flag
353 [15288] INFO perfrun.launcher <> - plugin [remoteplug] was disabled because it doesn't support the given collection type.
354 [15288] INFO perfrun.sdk <> - Allocating TMU :C:\Users\user\source\repos\libdeflate_optimize\libdeflate_optimize\VTune Profiler Results\libdeflate_optimize\r018hs\data.0\systemcollector-7640-DESKTOP-UUPP9C7.sc
354 [15288] INFO perfrun.launcher <> - plugin [] was disabled because it doesn't support the given collection type.
358 [15288] INFO perfrun.launcher <> - plugin [] was disabled because it doesn't support the given collection type.
358 [15288] INFO perfrun.launcher <> - plugin [gpu] was disabled because it doesn't support the given collection type.
358 [15288] INFO perfrun.launcher <> - plugin [etw.kernel] was disabled because it doesn't support the given collection type.
358 [15288] INFO perfrun.launcher <> - plugin [etw.dx] was disabled because it doesn't support the given collection type.
358 [15288] INFO perfrun.launcher <> - plugin [etw.wsa] was disabled because it doesn't support the given collection type.
358 [15288] INFO perfrun.mrte <> - Disabling mrte collector because mrte-mode option is set as native
358 [15288] INFO perfrun.launcher <> - plugin [emon] was disabled because it doesn't support the given collection type.
358 [15288] INFO perfrun.launcher <> - plugin [cuscol] was disabled because it doesn't support the given collection type.
359 [15288] INFO perfrun.launcher <> - plugin [stdsrc] was disabled because it doesn't support the given collection type.
359 [15288] INFO perfrun.launcher <> - plugin [sep] was disabled because it doesn't support the given collection type.
359 [15288] INFO perfrun.launcher <> - plugin [vtsspp] was disabled because it doesn't support the given collection type.
359 [15288] INFO perfrun.launcher <> - plugin [] was disabled because it doesn't support the given collection type.
359 [15288] INFO perfrun.launcher <> - plugin [aoclprofile] was disabled because it doesn't support the given collection type.
359 [15288] INFO perfrun.tpss <> - initialize tpss controller
359 [15288] INFO perfrun.tpss <> - configure collection mode: value = cpu:counters:nostack
359 [15288] INFO perfrun.tpss <> - configure collection mode: value = cpu:stack
359 [15288] INFO perfrun.tpss <> - default obj-size-min=1024
359 [15288] INFO perfrun.tpss <> - default hash-table-size=0
424 [15288] INFO perfrun.launcher <> - plugin [exprof] was disabled because it doesn't support the given collection type.
424 [15288] INFO perfrun.launcher <> - plugin [] was disabled because it doesn't support the given collection type.
424 [15288] INFO perfrun.launcher <> - plugin [] was disabled because it doesn't support the given collection type.
424 [15288] INFO perfrun.launcher <> - plugin [] was disabled because it doesn't support the given collection type.
424 [15288] INFO perfrun.launcher <> - plugin [] was disabled because it doesn't support the given collection type.
424 [15288] INFO perfrun.launcher <> - plugin [] was disabled because it doesn't support the given collection type.
424 [15288] INFO perfrun.launcher <> - plugin [power] was disabled because it doesn't support the given collection type.
424 [15864] INFO perfrun.launcher <> - set environment variable: PATH = C:\Program Files (x86)\IntelSWTools\VTune Profiler 2020\bin32\runtime;C:\Program Files (x86)\IntelSWTools\VTune Profiler 2020\bin64\runtime;C:\Windows\system32;C:\Windows;C:\Windows\System32\Wbem;C:\Windows\System32\WindowsPowerShell\v1.0\;C:\Windows\System32\OpenSSH\;C:\Program Files (x86)\NVIDIA Corporation\PhysX\Common;C:\Program Files\Git\cmd;C:\Program Files (x86)\Yarn\bin\;C:\Users\user\AppData\Local\Programs\Python\Python38\Scripts\;C:\Users\user\AppData\Local\Programs\Python\Python38\;C:\Users\user\AppData\Local\Microsoft\WindowsApps;C:\Users\user\AppData\Local\Programs\Microsoft VS Code\bin;C:\Users\user\Documents\emsdk;C:\Users\user\Documents\emsdk\upstream\emscripten;C:\Users\user\Documents\emsdk\node\12.9.1_64bit\bin;C:\Users\user\Documents\emsdk\java\8.152_64bit\bin;C:\Users\user\AppData\Local\Yarn\bin
424 [15864] INFO perfrun.launcher <> - set environment variable: INTEL_LIBITTNOTIFY32 = C:\Program Files (x86)\IntelSWTools\VTune Profiler 2020\bin32\runtime\ittnotify_collector.dll
424 [15864] INFO perfrun.launcher <> - set environment variable: INTEL_LIBITTNOTIFY64 = C:\Program Files (x86)\IntelSWTools\VTune Profiler 2020\bin64\runtime\ittnotify_collector.dll
424 [15864] INFO perfrun.launcher <> - set environment variable: INTEL_ITTNOTIFY_GROUPS = 
425 [15864] INFO perfrun.launcher <> - set environment variable: INTEL_JIT_PROFILER32 = C:\Program Files (x86)\IntelSWTools\VTune Profiler 2020\bin32\runtime\ittnotify_collector.dll
425 [15864] INFO perfrun.launcher <> - set environment variable: INTEL_JIT_PROFILER64 = C:\Program Files (x86)\IntelSWTools\VTune Profiler 2020\bin64\runtime\ittnotify_collector.dll
425 [15864] INFO perfrun.launcher <> - set environment variable: VS_PROFILER = ittnotify_collector.dll
425 [15864] INFO perfrun.launcher <> - set environment variable: ENABLE_JITPROFILING = 1
425 [15864] INFO perfrun.launcher <> - set environment variable: CL_CONFIG_USE_VTUNE = True
425 [15864] INFO perfrun.launcher <> - set environment variable: __OCL_MIC_INTEL_LIBITTNOTIFY64 = /amplxe/results/libittnotify_collector.so
425 [15864] INFO perfrun.launcher <> - set environment variable: __OCL_MIC_INTEL_JIT_PROFILER64 = /amplxe/results/libittnotify_collector.so
425 [15864] INFO perfrun.launcher <> - set environment variable: KMP_FORKJOIN_FRAMES = 0
426 [15864] INFO perfrun.launcher <> - set environment variable: KMP_FORKJOIN_FRAMES_MODE = 0
426 [15864] INFO perfrun.launcher <> - RpcServer: run RPC server to handle requests
437 [15864] INFO perfrun.sdk <> - IProcessUtil: the given executable 'C:\Users\user\source\repos\libdeflate_optimize\Debug\libdeflate_optimize.exe' is valid.
437 [15864] INFO perfrun.launcher <> - Launcher: command line to start before modification = C:\Users\user\source\repos\libdeflate_optimize\Debug\libdeflate_optimize.exe
441 [15864] INFO perfrun.launcher <> - Launcher: command line to start after modification = C:\Program Files (x86)\IntelSWTools\VTune Profiler 2020\bin64\pin.exe -error_file C:\Users\user\source\repos\libdeflate_optimize\libdeflate_optimize\VTune Profiler Results\libdeflate_optimize\r018hs\data.0\pinerr.tpsslog -detach_reattach -probe -follow_execv -p32 C:\Program Files (x86)\IntelSWTools\VTune Profiler 2020\bin32\pin.exe -p64 C:\Program Files (x86)\IntelSWTools\VTune Profiler 2020\bin64\pin.exe -t64 C:\Program Files (x86)\IntelSWTools\VTune Profiler 2020\bin64\tpsstool.dll -t C:\Program Files (x86)\IntelSWTools\VTune Profiler 2020\bin32\tpsstool.dll -server_name tpss_ipc.7640 -prd_dir C:\Program Files (x86)\IntelSWTools\VTune Profiler 2020 -- C:\Users\user\source\repos\libdeflate_optimize\Debug\libdeflate_optimize.exe
441 [15864] INFO perfrun.launcher <> - ProcessCreator object was created
443 [15864] INFO perfrun.launcher <> - Launcher: the process was started in suspend mode
443 [15288] INFO perfrun.system <> - OpenCL gpu adapter vendor Id 32902
445 [15288] INFO perfrun.itt <> - start itt controller for pid #8188
446 [15288] INFO perfrun.tpss <> - start tpss controller for pid #8188
498 [15864] INFO perfrun.launcher <> - Launcher: all plugins were started
498 [15864] INFO perfrun.launcher <> - DirectoryMonitor object was created
498 [15864] INFO perfrun.launcher <> - DirectoryMonitor: a callback was added
498 [15864] INFO perfrun.launcher <> - DirectoryMonitor was started with pingTime = 1000
498 [15864] INFO perfrun.launcher <> - DeadlineTimer is going to be constructed
499 [15864] INFO perfrun.launcher <> - DeadlineTimer: a callback was added
514 [15864] INFO perfrun.launcher <> - Launcher: resume the profiled application and  wait its termination or stop command
17406 [15864] INFO perfrun.launcher <> - Launcher: the profiled application was terminated  with exit code = 0
17432 [15288] INFO perfrun.itt <> - stop itt controller
17432 [15288] INFO perfrun.itt <> - detach itt controller
17432 [15288] INFO perfrun.tpss <> - stop tpss controller
17434 [15288] INFO perfrun.sdk <> - De-allocating TMU: C:\Users\user\source\repos\libdeflate_optimize\libdeflate_optimize\VTune Profiler Results\libdeflate_optimize\r018hs\data.0\systemcollector-7640-DESKTOP-UUPP9C7.sc
17450 [15288] INFO perfrun.system <> - closed the system trace file: C:\Users\user\source\repos\libdeflate_optimize\libdeflate_optimize\VTune Profiler Results\libdeflate_optimize\r018hs\data.0\systemcollector-7640-DESKTOP-UUPP9C7.sc
17450 [15864] INFO perfrun.launcher <> - Launcher: all plugins were stopped.
17450 [15864] INFO perfrun.launcher <> - DeadlineTimer is going to be destroyed
17450 [15864] INFO perfrun.launcher <> - DeadlineTimer was destroyed
17450 [15864] INFO perfrun.launcher <> - DirectoryMonitor object was destroyed
17451 [15864] WARN perfrun.launcher <> - Stop command is ignored because it is received when collection is already stopped, at file: C:\BB\INNLphep2w6r\b\tmpfaojh9\vcs\perfrun1\launcher\src\command_handler.cpp:212
17452 [15864] INFO perfrun.launcher <> - Application exit code: 0
17452 [15864] INFO perfrun.launcher <> - Exit code: 0
