c:\users\user\source\repos\libdeflate_optimize\libdeflate_optimize\debug\vc142.pdb
c:\users\user\source\repos\libdeflate_optimize\libdeflate_optimize\debug\vc142.idb
c:\users\user\source\repos\libdeflate_optimize\libdeflate_optimize\debug\deflate_decompress.nativecodeanalysis.sarif
c:\users\user\source\repos\libdeflate_optimize\libdeflate_optimize\debug\deflate_decompress.nativecodeanalysis.xml
c:\users\user\source\repos\libdeflate_optimize\libdeflate_optimize\debug\deflate_compress.nativecodeanalysis.sarif
c:\users\user\source\repos\libdeflate_optimize\libdeflate_optimize\debug\deflate_compress.nativecodeanalysis.xml
c:\users\user\source\repos\libdeflate_optimize\libdeflate_optimize\debug\aligned_malloc.nativecodeanalysis.sarif
c:\users\user\source\repos\libdeflate_optimize\libdeflate_optimize\debug\aligned_malloc.nativecodeanalysis.xml
c:\users\user\source\repos\libdeflate_optimize\libdeflate_optimize\debug\aligned_malloc.obj
c:\users\user\source\repos\libdeflate_optimize\libdeflate_optimize\debug\deflate_compress.obj
c:\users\user\source\repos\libdeflate_optimize\libdeflate_optimize\debug\deflate_decompress.obj
c:\users\user\source\repos\libdeflate_optimize\libdeflate_optimize\debug\main.nativecodeanalysis.sarif
c:\users\user\source\repos\libdeflate_optimize\libdeflate_optimize\debug\main.nativecodeanalysis.xml
c:\users\user\source\repos\libdeflate_optimize\libdeflate_optimize\debug\main.obj
c:\users\user\source\repos\libdeflate_optimize\debug\libdeflate_optimize.ilk
c:\users\user\source\repos\libdeflate_optimize\debug\libdeflate_optimize.exe
c:\users\user\source\repos\libdeflate_optimize\debug\libdeflate_optimize.pdb
c:\users\user\source\repos\libdeflate_optimize\libdeflate_optimize\debug\vc.nativecodeanalysis.all.xml
c:\users\user\source\repos\libdeflate_optimize\libdeflate_optimize\debug\libdefla.8c9b4664.tlog\cl.command.1.tlog
c:\users\user\source\repos\libdeflate_optimize\libdeflate_optimize\debug\libdefla.8c9b4664.tlog\cl.read.1.tlog
c:\users\user\source\repos\libdeflate_optimize\libdeflate_optimize\debug\libdefla.8c9b4664.tlog\cl.write.1.tlog
c:\users\user\source\repos\libdeflate_optimize\libdeflate_optimize\debug\libdefla.8c9b4664.tlog\link.command.1.tlog
c:\users\user\source\repos\libdeflate_optimize\libdeflate_optimize\debug\libdefla.8c9b4664.tlog\link.read.1.tlog
c:\users\user\source\repos\libdeflate_optimize\libdeflate_optimize\debug\libdefla.8c9b4664.tlog\link.write.1.tlog
